!화면!
                              ..,::::::: LxL`:::.
                         .,:::::::::::: dMMMMRx`:::,.  .xmm. 
                      .,::::::::::::::: 9MMMM""%x`::`sRMMMMM 
                    .:::::::::::::::::: ?MMMMHHx."'MM:`xdxRM> 
                  .::::::::::::::::::::: "MMMMMMMM @MM MMMMM> 
                .:::::::::::::::::::::    ^"""""""-*??.````" 
               :::::::::::::::`  ...,:::::::::::::::::::::::, . 
              ::::::::::::` .:::::::::::::::::::::::: `:::::::::. 
             ::::::::::: .,:::::::::::::::::::::::: zk ``:::::::: 
            :::::::::: ::::::::::::::::::::``  ...d$$$bu..  `::::: 
            ::::::::.,::::::::::::``   ...uzed$$$$$$$$$$$$bc. `::: 
           `:::::::::::::::::::`  .ued$$$$$$$$$$$$$$$$$$$$$$$k ::: 
         :`:::::::::::::::::`   ud$$$$$$$$$$$$$$$$$$$$$$$$$$$E ': 
       ::::::::::::::::::::  : d$$$$F?"""??$$$$$$$$$$$$$$$F""? ' 
      ::::'::::::::::::::: ::  $$$F..zeWWbcQ$$$$$$$$$$$$$&zWe : 
     ::::: ::::::::::::::::::  $$kd$$$$$$$$$$$$$$$$$$$$$$$$$F 
     ::::: ::::::::::::::::::: "$$$$$$$F""?$$$$$$$$$$$$$$??? ,: 
     ::::::`::::::::::::::::::  $$$$$".,+: : 9$$$$$$$$",+-  ` : 
     :::::::::::::::::::::::::: $$$$F+'     d$$$$$$$$="     ,,: 
     :::::::::::::::::::::::::: $$$E ::    $$$$$$$$$6+;     ::: 
     ::::::::::::::::::::::::: :$$$$bu..uuU$$$$$$$$$$buu.z$ ::: 
      :::::::::::::::::::::::: d$$$$$$$$$$$$$$$$$$$$$$$$$$$ ::: 
       `:::::::::::::::::::: .d$$$$$$$$$$$$$$$$$$$$$$`$$$$$ ': 
        `::::::::::::::::: .d$$$$$$$$$$$$$$$$$$$""$$":$$$$$ ' 
           :::::::::::     d$$$$$$$$$$$$$$$$$$$$b$$ku$$$$$" 
          ,. :::::::::::: d$$$$$$$$$$$$$$$??????TT???$$$$" 
          `:::::::::::: . $$$$$$$$$$$$$$$$b  .cCCCi'&$$$" 
           `::::::::::::: $$$$$$$$$$$$$$$$$b (CCCCC'$$F 
             ::::::::::: d$$$$$$$$$$$$$$$$$$$u.""",$$" 
                :::::::: d$$$$$$$$$$$$?$$$$$$$$$$$$F" 
                        d$$$$$$$$$$$$$b.^"???$$???" 
                    ..e$$$$$$$$$$$$$$$$$$beu. 
          .....  xdd$$$$$$$$$$$$$$$$$$$$$$$$$$$b; .    ... 
  ..zmdnmmc.`::::."$$$$$$$$$$$$$$$$$$$$$$$$$$$$$$b'::#RMMM*Rhh. 
zMMMMMMMMMMMMn `:::."$$$$$$$$$$$$$$$$$$$$$$$$$$$$$b`: MMMMMh(?"? 
MMMMMMMMMMMMMMM:`::::.?$$$$$$$$$$$$$$$$$$$$$$$$$$$$ ::?MMMMMMMMMMhnx:. 
MMMMMMMMMMMMMMMMb :::::."$$$$$$$$$$$$$$$$$$$$$$$$$E :: ?MMMMMMMMMMMMMM 
MMMMMMMMMMMMMMMMMb ::::::'"$$$$$$$$$$$$$$$$$$$$$$$"::::'MMMMMMMMMMMMMM 
MMMMMMMMMMMMMP'*MMk :::::::.^?$$$$$$$$$$$$$$$$$$$".:::: 9MMMMMMMMMMMMM 





                           가입을 축하합니다.


                 이제 귀하는 !호스!의 회원이 되었습니다.
                    대구의 몇 안되는 BBS의 자존심을
         지키는 !호스!는 철저하게 무료와 공개로 운영될것 입니다.
              이것은 바로 회원여러분의 활동이 없이는 절대
          불가능한것입니다. 최소한 2주일에 1번만 접속해 주셔도
           됩니다. 회원의 새로운 이름이 하나씩 늘때 마다 이제
         대구에도 제대로 통신문화가 정착이 됨을 느끼게 됩니다.
             마음껏 즐기십시요. 그리고 가능하면 많은 정보를
             공개하십시요, 그러다 보면 어느새 많은것을 얻게
         되었다는것을 알게 될것입니다. 물론 !호스!는 프로그래밍
          전문 bbs입니다. 하지만 프로그램밍을 모르시는 통신인
                여러분의 공간도 활짝 열려있습니다.

!지연!1
!화면!

                      이제 한번 !호스!를 키워보죠.
                   조금 회원이 모이면 이리저리 핑게로
       유료 전환하여 가난한 주머니를 아쉽게 만드는 bbs가 아니라.
       하이텔과 천리안 아이디를 없애 버려도 정보의 입수에는 전혀
               지장이 없는 그런 bbs를 하나 만들어 보죠..
     대구 사람도 컴퓨터를 사랑한다는것을 보여줍시다. 아니 보여주지
                   말고 우리 자신이 확인을 해봅시다.


         다시 한번 기존의 모든 회원을 대표하여 감사를 드립니다.
       가입인사를 해주셔야.. 레벨이 정상적으로 올라갈겁니다.

                        다시 만날날을 기약하며
                       시삽은 이만 물러갑니다.

                        !호스! 시삽 김성대 올림.

[enter]
