!ȭ!
 [1mԽû ϰڽϴ.[m

  * Խû ҿǴ ð 10 ҿǸ ҽÿ Է¶
    [Enter]Ű ø ҵ˴ϴ.

  * !ȣ! ü ü б(ѱ۴,,,
    ,ȣڰ濵,,ûִ,,ϴ,
    ,,߾Ӵ,δ,,λ,,δ,Ѿ,
    ,ϴ,ſ,ο,뱤) л  
    [7müԽû[m ޴ ű԰Խû  ø  
      ϴ.
 
 !Ȯ!

 [;H[2J[s[44m[7m[1;34m !ȣ![m[1;34;44m[1;37;44m
[2;1H ű԰Խû                  /ݾȳ
[3;1H[;30;44m[1;37;44m[u[m[3H
 [1m <> û Է(γ)[m

  * Խû  ԷϽǶ  ׸ ϴ. *

   ̿ID           йȣ           ̿ڸ
   ֹεϹȣ       ּ()     ȭȣ
   ߻߹ȣ           ޴ȭȣ       
   (б)       ȭȣ       
    

  * ּ, ȭȣ Ȯϸ   ˴ϴ.
 
 û Ͻðڽϱ? (Y/n) >>!!
