  생일을 축하합니다.
    생일을 축하합니다.
      생일을 축하합니다.
        생일을 축하합니다.
          생일을 축하합니다.
            생일을 축하합니다.
              생일을 축하합니다.
                생일을 축하합니다.
                  생일을 축하합니다.
                    생일을 축하합니다.
                      생일을 축하합니다.
                        생일을 축하합니다.
                          생일을 축하합니다.
                            생일을 축하합니다.
                              생일을 축하합니다.
                                생일을 축하합니다.
                                  생일을 축하합니다.
                                    생일을 축하합니다.
                                      생일을 축하합니다.
                                        생일을 축하합니다.
                                          생일을 축하합니다.
                                            생일을 축하합니다.
                                              생일을 축하합니다.
                                                생일을 축하합니다.
                                                  생일을 축하합니다.
                                                    생일을 축하합니다.
                                                      생일을 축하합니다.
                                                        생일을 축하합니다.
                                                          생일을 축하합니다.


                              ..,::::::: LxL`:::. 
                         .,:::::::::::: dMMMMRx`:::,.  .xmm. 
                      .,::::::::::::::: 9MMMM""%x`::`sRMMMMM 
                    .:::::::::::::::::: ?MMMMHHx."'MM:`xdxRM> 
                  .::::::::::::::::::::: "MMMMMMMM @MM MMMMM> 
                .:::::::::::::::::::::    ^"""""""-*??.````" 
               :::::::::::::::`  ...,:::::::::::::::::::::::, . 
              ::::::::::::` .:::::::::::::::::::::::: `:::::::::. 
             ::::::::::: .,:::::::::::::::::::::::: zk ``:::::::: 
            :::::::::: ::::::::::::::::::::``  ...d$$$bu..  `::::: 
            ::::::::.,::::::::::::``   ...uzed$$$$$$$$$$$$bc. `::: 
           `:::::::::::::::::::`  .ued$$$$$$$$$$$$$$$$$$$$$$$k ::: 
         :`:::::::::::::::::`   ud$$$$$$$$$$$$$$$$$$$$$$$$$$$E ': 
       ::::::::::::::::::::  : d$$$$F?"""??$$$$$$$$$$$$$$$F""? ' 
      ::::'::::::::::::::: ::  $$$F..zeWWbcQ$$$$$$$$$$$$$&zWe : 
     ::::: ::::::::::::::::::  $$kd$$$$$$$$$$$$$$$$$$$$$$$$$F 
     ::::: ::::::::::::::::::: "$$$$$$$F""?$$$$$$$$$$$$$$??? ,: 
     ::::::`::::::::::::::::::  $$$$$".,+: : 9$$$$$$$$",+-  ` : 
     :::::::::::::::::::::::::: $$$$F+'     d$$$$$$$$="     ,,: 
     :::::::::::::::::::::::::: $$$E ::    $$$$$$$$$6+;     ::: 
     ::::::::::::::::::::::::: :$$$$bu..uuU$$$$$$$$$$buu.z$ ::: 
      :::::::::::::::::::::::: d$$$$$$$$$$$$$$$$$$$$$$$$$$$ ::: 
       `:::::::::::::::::::: .d$$$$$$$$$$$$$$$$$$$$$$`$$$$$ ': 
        `::::::::::::::::: .d$$$$$$$$$$$$$$$$$$$""$$":$$$$$ ' 
           :::::::::::     d$$$$$$$$$$$$$$$$$$$$b$$ku$$$$$" 
          ,. :::::::::::: d$$$$$$$$$$$$$$$??????TT???$$$$" 
          `:::::::::::: . $$$$$$$$$$$$$$$$b  .cCCCi'&$$$" 
           `::::::::::::: $$$$$$$$$$$$$$$$$b (CCCCC'$$F 
             ::::::::::: d$$$$$$$$$$$$$$$$$$$u.""",$$" 
                :::::::: d$$$$$$$$$$$$?$$$$$$$$$$$$F" 
                        d$$$$$$$$$$$$$b.^"???$$???" 
                    ..e$$$$$$$$$$$$$$$$$$beu. 
          .....  xdd$$$$$$$$$$$$$$$$$$$$$$$$$$$b; .    ... 
  ..zmdnmmc.`::::."$$$$$$$$$$$$$$$$$$$$$$$$$$$$$$b'::#RMMM*Rhh. 
zMMMMMMMMMMMMn `:::."$$$$$$$$$$$$$$$$$$$$$$$$$$$$$b`: MMMMMh(?"? 
MMMMMMMMMMMMMMM:`::::.?$$$$$$$$$$$$$$$$$$$$$$$$$$$$ ::?MMMMMMMMMMhnx:. 
MMMMMMMMMMMMMMMMb :::::."$$$$$$$$$$$$$$$$$$$$$$$$$E :: ?MMMMMMMMMMMMMM 
MMMMMMMMMMMMMMMMMb ::::::'"$$$$$$$$$$$$$$$$$$$$$$$"::::'MMMMMMMMMMMMMM 
MMMMMMMMMMMMMP'*MMk :::::::.^?$$$$$$$$$$$$$$$$$$$".:::: 9MMMMMMMMMMMMM 

                                        .ee.                            
                                        *$*`                            
                                         e e                            
                                        $ W u                           
                                       e`.$.".                          
                                      e".$$$ *                          
                     .$              .".$$$$W W                         
                     * ".            *.$$$$$$. .           -$           
                    . WW."e.        ".$$$$$$$$."         *              
                    $ $$$e."e.     $-$$$$$$$$$$ *      e`e$U .          
        .          e e$$$$$e."e. .$"e$$$$$$$$$$e q  .="e$$$$ u          
        $`m.       $ $$$$$$$$$ *V$`e$$$$$$$$$$$$. e*`e$$$$$$ $          
        $ u."=.   u`.$$$$$$$$$$e(".$$$$$$$$$$$$$$uCe$$$$$$$$ *    .e$   
        " $$$W."*e$ $$$$$$$$$$$$$$$$$$$$$$$$$$$$$$$$$$$$$$$$u .m"C .`   
        ` $$$$$$e.`u$$$$$$$$$$$$$$$$$$$$$$$$$$$$$$$$$$$$$$$$$ "e$"."    
         U$$$$$$$$$$$$$$$$$$$$$$$$$$$$$$$$$$$$$$$$$$$$$$$$$$$$$$".?     
         T$$$$$$$$$$$$$$$$$$$$$$$$$$$$$$$$$$$$$$$$$$$$$$$$$$$$$$$ *     
       .*`W$$$$$$$$$$$$$$$$$$$FF?????""""""""""""????RR$$$$$$$$$$ *     
      W`u$$$$$$$$$$$$$$FF"..ee=**"""?.....:.:.....?""*=m.?"*$$$F        
        $$$$$$$$$$$F".em*"`.::~~~~**~~~!!!!!!!!!!!!?!!!:.""m."?         
         "$$$$$$".e*".::~` .eeW$$$$$$eeWe.`~!!!!!~C.eeee.`~: "e         
          `?$$"u$".:!!~ e$$$$$$$$$$$$$$$$$$W.`~.e$$$$$$$$$e !           
             .$" !!!! .$**""""**$$$$$$$$$$$$$$$$$$$$$*""`"*W !          
             " !!!!! .$".W$$$$Wu `*$$$$$$$$$$$$$$$$" .$$$$$ u           
              !!!!!` $*.$"CeeC?**W. "$$$$$$$$$$$$" e*"?==e.". eeeu....  
        ...u  !!!!!  $.$ " =   ~= `"m."*$$$*$$$*`m" =`    `  *C*$$$$$$$$ 
..eeW$$$$$$$  !!!!:  ==    ee$$$W=   "$euee$$$ee".eW$$"       -$$$$$$$$$ 
$$$$$$$$$$$$  !!!!!  $eeee. "***`..   `$$$$$$$C..""***  .u$W`$$$$$$$$$$$ 
$$$$$$$$$$$$  `!!!!!  $$$$$$$$$$$$$$$$$$$$$$$$$$$$$$$$$$$$$$ $$$$$$$$$$$ 
$$$$$$$$$$$$b  !!!!!: "$$$$$$$$$$$$$$$$$$$$$$$$$$$$$$$$$$$$" $$$$$$$$$$$ 
$$$$$$$$$$$$$b  !!!!!. ?$$$$$$$$$$$$$$$$$$$$$$$$$$$$$$$$$$" $$$$$$$$$$$$ 
$$$$$$$$$$$$$$b  !!!!! `C$$$$$$$$$$$$$$$$$"*$$*"$$$$$$$$$` u$$$$$$$$$$$$ 
$$$$$$$$$$$$$$$b ~!!!!  $$$$$$$$$$$$$$$$$$W.$C.$$$$$$$$$" .$$$$$$$$$$$$$ 
$$$$$$$$$$$$$$$$c `!!!. $$$$$$$$$$$$$$$$$$**$$$**$$$$$$$ .$$$$$$$$$$$$$$ 
$$$$$$$$$$$$$$$$$  `!!! $$$$$$$$$$$$$$$$(+"? ==**3$$$$$$ $$$$$$$$$$$$$$$ 
$$$$$$$$$$$$$$$$$$  !!! "$$$$$$$$$$$$F"  CCCCCC. 3$$$$$" $$$$$$$$$$$$$$$ 
$$$$$$$$$$$$$$$$$$  !!!!: "$$$$$$$$$ee.(""`....?Ce$$$$f $$$$$$$$$$$$$$$$ 
$$$$$$$$$$$$$$$$$$  !!!!!!:.""?$$$$$$$$$$$$$$$$$$$$$$f.$$$$$$$$$$$$$$$F? 
b``$$$$$$$$$$$$$$$  !!!!!!!!!:. `"??$$$$$$$$$$$$$$$"  $$$$$$$$$$$$$$$".$ 
$$$u.`$$$$$$$$$$$$  !!!!!!!!!!!!:.   ..""??CC"?C$"   $$$$$$$$$$$$$$$".$$ 
$$$$$$e`"?$$$$$$$f .!!!!!!!!!!!!!!!!:::...`"  .:::!  "?$$$$$$$$$$$" e$$$ 
$$$$$$$$$."?$$$$f  !!!!!!!!!!!!!!!!!!!!!!!!!!!!!!!!. :. "?$$$$$$$` $$$$$ 
$$$$$$$$$$$.`??? .!!!!!!!!!!!!!!!!!!!!!!!!!!!!!!!!!!  !!!::.`"?F .$$$$$$ 
$$$$$$$$$$$$$e  :!!!!!!!!!!!!!!!!!!!!!!!!!!!!!!!!!!!!:!!!!!!!!! .$$$$$$$ 
"$$$$$$$$$$$$$$u !!!!!!!!!!!!!!!!!!!!!!!!!!!!!!!!!!!!!!!!!!!!!` $$$$$$$$ 
$."?$$$$$$$$$$$$u `!!!!!!!!!!!!!!!!!!!!!!!!!!!!!!!!!!!!!!!!!!! $$$$$$$$$ 
" . "$$$$$$$$$$$$e `!!!!!!!!!!!!!!!!!!!!!!!!!!!!!!!!!!!!!!!!!! $$$$$$$$$ 
$$$$e."?$$$$$$$$$$. !!!!!!!!!!!!!!!!!!!!!!!!!!!!!!!!!!!!!!!!!  $$$$$$F". 
$$$$$$$u."$$$$$$$$$ !!!!!!!!!!!!!!!!!!!!!!!!!!!!!!!!!!!!!!!!!! "$$$$".$$ 

      .::<::.                                                         
     :!!!!!!!!:                                                       
    !!!!!!!!!!!!.                     ..:::::..                       
   !!!!!!!!!!!!!!:          ..:::  .:!!!!!!!!!!!:.                    
  <!!!!!!!!!!!!!!~` ..  .:<!!!!~ :!!!!''`..ou. `'!:                   
  !!!!!!!!!!!!!(.:!!`::!!!!!!! :!!!!'.e@$$$$$$$b. `!                  
 '!!!!!!!!!!!!!!!!!!!!!!!!!!! !!!!'.@#CCB$$$$$#CJu `!                 
 '!!!!!!!!!!!!!!!!!!!!!!!!!~:!!!'.d$uP")u($$$$dFLu. `>                
 '!!!!!!!!!!!!!!!!!!!!!!!!!<!!! z$$$$ d$$$$$$$$N$$$J.!                
  !!!!!!!!!!!!!!!!!!!!!!!!!!!!'z$$$$N$$$$$$$$$$$$P*$N                 
  `!!!!!!!!!! !!!!!!!!!!!!!!!'d$$$$$$$$$$" 3$$$P  u$$                 
   4!!!!!!!! <!!!!!!!!!!!!!!'J$$$$$$$$$":e d$$P.d.$$$                 
    4!!!!!! :!!!!!!!!!!!!!' z$$$$$$$$$F:$$ 9$$"d$F4$$F                
     ~!!!!  !!!!!!!! '!!~`. $$$$$$$$$$   " $$$  '"dF""...             
      `!!!  !!!!!!!  !~  o#z$$$$$$F"...   d$$$    " zL CC"-           
        ~!  !!!!!f  `.oW+..`"??$"  d$$$be^$$"Cueeeec`?u`?$$           
         '  !!!!~ .e$$#)e$$$$Sbc  $$$$$$$r?=?$$$$$$$$ $Nc. ..         
            ``,ue$$$".d$$$$$$$$$  $$$$$$$.eWed$$$$$$$ $RF"z.?$$bc.    
           .m$$$$$F d$$$$$$F"7("" '"????)'$$$$$$$$$$f .=d$$$ $$$$$Nc  
          '.d$$$$$ d$$$$$$$$$$$b ^"Need$$b.""????"".-d$N$$$P $$$$$$6% 
          d$$$$$$$ 9$$$$$$$$$$$$b   "?$$$$$$eeeee="z$$$$$$F d$$$$$$$  
         d$$$$$$$$c`$$$$$$$$$$`$$c .   `"????"" .e?$$$$F" uS$$$$$$$$> 
        4$$$$$$$$$$c`?R$$$$$$$L`$$c"$c>u.     zF"=="" .ue$$$$$$$$$$$  
        '$P)$$$$$$$$bu..""""""" `?$c`??$$  .>"..ueee$$$$$$$$$$$$$P"F  
         ? $$$$$$$$$$$$$$$$$$$$bu '"?Neee@F'z$$$$$$$$$$$$$$$$$$$P '   
           $$$$$$$$$$$$$$$$$$$$$$$b..  `.ue$$$$$$$$$$$$$$$$$$$$F      
           ?$$$$$$$$$$$$$$$$$$$$$$$$$$$$$$$$$$$$$$$$$$$$$$$$$F"       
       $$$$$$$$$$$$$$$$$$$$$`                             
               "$$$$$$$$$$$$$$$$$R$$$                               
                3$$$$$$$$$$$$$$$" $$                                
                 $$$$$$$$$$$$$$$ $E                                 
                 `$$$$$$$$$$$$$',$                                  
                  "$$$$$$$$$$$$ JF                                  
                   `$$$$$$$$$$E F                                   
                    '$$$$$$$$$L                                     
                      ?$$$$$$$F                                     
                       "$$$$$$k                                     
                         "$$$$$.                                    
                          ^?$$$L                                    
                             ?$$                                    
                                `                                   
                 .:!!!!!:.                                                
              .:!!!~~````~!i:                                             
             .!!!~ .od$beo..`~                                            
            :!!! z$$$$$$$$$$$$                                            
           .!!! d$$$$$$$$$$$$E ec                                         
           !!!~x$$$$$$$$6"?$$$ 9',  e@$Nc                                 
        <>'!!! d$$$$$$$$$$No."N uF.$$$$$$$.                               
      .!!><!!! 9$$$$P""""??$$NFNF $$$$$$$$k                               
     :!!!>!!!! .$$$$ j$$p,ou.ue$F4$$$$$$$$P .                             
     !!!!L'!!!:'$$$$L4$$f"""Ls"$F^_uo$$$$$" *c.                           
    !!!!!! !!!!.'$$$$P" ,SF",P F:d$$$$$$*" z.9$Nu                         
   :!!!!!!>'!!!! ?$$$N(d$$e$F"d '$$$$$*" .d$N'$$$k .    .ueeeeeo..        
   <!!!!!!i.!!!!!'"?$$$$$u,,ud$ u.""" .udF""R.3$$$u'$$$$$$$$$$$$$6C       
   !!!!!!!!!!!!!! ?u`R$$$$$$$$$ R$$$$$$$'.d$ $$$$$$ $$$$$$$$$$$$$$$$i     
   !!!!!!!!!!!!!!h $,`?$$$$$$$$,`$$$$$$'J$$f $$$$$f $$$$$$$$$$$$$$$$$$L   
   `!!!!!!!!!!!!!! $$ '$$$$$$$$$ $$$$$$ "`   $$$$P  $$$$$$$$$$$$$$$$$$$   
    !!!!!!!!!!`!!! 9$k'$$$$$$$$$.`$$$$$       "`F .d$$$$$$$$$$$$$$$$$$`.  
    !!!!!!!!!! !!! @$$ 3$$$$$$$$$ $$$$$,     . ' :$$$$$$$$$$$$$$$$$$$     
     !!!!!!!!f !!! $$$ 4$$$$$$$$$b`$$$$$.=ecC$$ N 9$$$$$$$$$$$$$$$$$$     
     `!!!!!!!> !!> $$$ 4$$$$$$$$$$k9$$$$$e.""",z$ d$$$$$$$$$$$$$$$$$F     
       `!!!!!  !! J$$$.`?$$$$$$$$$$U$$`$$$$$$$F" u$$$$$$$$$$$$$$$$$F      
        `!!!!  !! $$$$b  ?$$$$$$$$$$$$% `""""..ud$$$$$$$$$$$$$$"$$F       
       ! `!!!: ` d$$$$$bd."$$$$$$$$P"".d$$$$$$$$$$$$$$$$$$$$$$" $"        
      <!i !!!!> x"9$$$$$$$b..."""'.zd$$$$$$$$$$$$$$$$$$$$$$$$" "          
      !!!!:!!!>.P J$$$$$$$$$$$$$$$$$$$$$$$$$$$$$$$$$$$$$$$"'~             
     <!!!!!!!!>;  3$$$$$$$$$$$$$$$$$$$$$$$$$$$$$$$$$$$$$F"                
    :!!!!!!!!!! :  $$$"$$$$$$$$$$$$$$$$$$$$$$$$$$$$$$$F"                  
   :!!!!!!!!!!!!!!  "$k`?$$$$$$$$$$$$$$$$$$$$$$$$$F""                     
   !!!!!!!!!!!!!!    '?N.`?$$$$$$$$$$$$$$$F""""                           
  :!!!!!!!!!!!!`           '""$$$$$$qquuuud""                             
  !!!!!!!!!!!!`                 ^""""                                     
  '!!!!!!!!!~                                                             
   '~~~~~~`                                                               
                                                                          
      .:<!!::.                                                        
    :<!!!!!!!!i                                                       
    !!!!!!!!!!!:                                                      
   !!!!!!!!!!!!!!:.            ...::::::::::...    ..:::!!!!!!::.     
   !!!!!!!!!!!!!!!!i:     .:<!!!!!!!!!!!!!!!!~`.::!!!!!~~~~``~~!!!:   
   !!!!!!!!!!!!!!!~`.-.:!!!!!!!!!!!!!!!!!!~`.:!!!!~`... -!!!!!:.`!!!  
   !!!!!!!!!!!!!~ :!.!!!!!!!!!!!!!!!!!!~`.:!!!!~ .z$$$$$.`!!!!!!  !!  
   !!!!!!!!!!!!!<!!!!!!!!!!!!!!!!!!!!~ :!!!!~ .e$$$$$$$$$u !!!!!! !!  
   `!!!!!!!!!!!!!!!!!!!!!!!!!!!!!!!!`:!!!!~ z@$$$$$$P??$$$c'!!!!! !~  
    !!!!!!!!!!!!!!!!!!!!!!!!!!!!!!!.!!!!~ z$$$$$$$P".zc^$$$.'!!! :~   
    '!!!!!!!!!!!!!!!!!!!!!!!!!!!!!:!!!` =<$$$$$$$$e@$$$$d$$L !!!~     
     '!!!! !!!!!!!!!!!!!!!!!!!!!!!!!! .eecB$$$$$$$$""'`$$$$$ !!` ze.  
       !! !!!!~:!!!!!!!!!!!!!!!!!!!! d$$$?$$$$$$$$$   x$$$$$ ` -)e$P  
        ~ !!!~ !!!!!!!!!!!!!!!!!!!~ :$$'"  $$$$$$$F:bc^$$$$$ /`z$$$%  
          `!  <!!!!!!!!!!!!!!!!!!~.cd$F ...?$$$$$$.$$$ $$$$F  z$$$F   
          '`......``~!!!!!!!!!!f z$$$$ 4$$$r?$$$$Fd$$$ $$$$" :$$$"    
         .e$$$$$$$$ec.``~!!!!~ .d$$$$$ 4$$$$ $$$$F#"?P.$$$P \d$P"     
        :$F"  '""??$$$$e.'~` z@$$$$$$$L^$??$ $$$$k    jC$$.. "$       
        J$.$$$$e..  "?$$$k -$$$$$$$$$$$.   ^ $$$$$k   ?$$$$$$b."      
        '$$$$$$$$$$ec. "$$$c"$$$$$$br=**    d$$P".ee@$e`????$$$       
         ?$$$$$$$$$$$$N  9$$N$$$$$$$ed$$$$bd$P"`$$$$$$$ e zc$$$       
          ?$$$$$$$$$$$F Nu`$$$$$$$$$$$$$$$$$P $$$$$$F" r'd$$$$P       
           "?$$$$$$$$$$ '$$$$$$$$$$$F"""""",d. """..ze"z$$$$$"        
             ^?$$$$$$$$$e^$"$$$$$$" . '^"$$$$$$$$$F"  d$$$F"          
               ^"?$$$$$$$$F4$$$$$$u$$b.    '""""     dF""             
                 :. "$$$$$L $$$$$$$$$$$c -ec. ..    JF                
                <!!! '"?$$$ ^""?$$$$$E"?bc.#$bJ$$b u"                 
                !!! :!:.." <!!!:.'"""""  '"4.CCCLz*"                  
               :!!! !!!~. ~~~~!!!h "$$$beer  """                      
               '!!!.'`.:`:!!!:.`~!!:^*$$$F :!! .                      
                `~!!!~~ :!!!!!!!i.!!!.'"F :!!! ':                     
                        ~~  '`!!!!!!!!!::..``.:!!>                    
                               '~!!!!!!!!!!!!!!!!                     
                                  ~!!!!!!..``~`.                      
                                    `!!!!!!!!!!!                      
                                      `~~~!!!!~                       

                                ...ueuu..                                 
                            .ze$$$$$$$$$$$$eu.                            
                         .e$$$$$$$$$$$$$$$$$$$Nc                          
                   ...ed$$$$$$$$$$$$$$$$$$$$$$$$$e                        
            .zeW$$$$$$$$$$$$$$$$$$$$$$$$$$$$$$$$$$$.                      
          z$$$$$$$$$$$$$$$$$$$$$$$$$$$$$$$$$$$$$$F""-                     
        .@$$$$$$$$$$$$$$$$$$$$$$$$$$$$$$$$$$"3$$eeeeec..                  
       .$$$$$$$$$$$$$$$$$$$$$$$P"$$$$$$$F?".e$$$$$$$$$$$$c.               
       $$$$$$$$$$$$$$$$$$$$$$$".d$$F?"" .zdFJ$$$$$$$$$$$$$$.              
      '$$$$$$$$$$$$$$$$$$$$$$ .$"   .ue$$$$ $$$$$$$$$$$$$$$$              
      '$$$$$$$$$$$$$$$$$$$$$F ^   zd$$$$$$$ F'$$$$$$$$$$$$$$b             
       $$$$$$$$$N^?$$$$$$$$$>   z$$$$$$$$$$   9$$$$$$$$$$$$$$             
       "$$$$$$$$$N.^?$$$$$$$k   $$$$$$$$$$$b  '$$$$$$$$$P`$$$k            
        ?$$$$$F?$$$   "?$C"?$c '$$$$$$$$$$$$i  "$$$$$$$$N $$$$            
         "?$$$$c'#$c  %e..`  "  3$$$$$$$$$$$$$c "$$$$$$$$ "$$$r           
           '"?$$$eu."  "$$$$$W$$$$F",u+-  ""?S$$e.?$$$F?F .?$$N           
            c.  """" .ee$$$$$$$',ueF".zee$$$$$$$$$L"$$E' dF $$$           
            $$ 4$$$$$$$$$$$$$k."".ue$$?????$$$$$$$$c^$" '$" $$$           
            4$k $$$???R$$$$$$$$$$$??"    x. 9$$$$$$$c".P $ x$$$           
             *$r",z=*..9?R$$$$$$$bce.    +".$$$$$$$$$.$ .F ?$$$           
              "N."ue$$??  ^?$$$$$$$$Ncuuze$$$$$$$$$$$$$$P c R$$           
                "u^?"    '= "$$$$$$$$$$$$$$$$$$$$$$$$$N^ u$c ?F           
                    < -   z$ $$$$$$$$$$$$$$$$$$$$$$$$$$L3$$$c   :   .:<:.. 
                     ebe@$$$ 9$$$$$$P$$$$$$$$$$$$$$$$$$N $$$$N '!! '~\  4! 
                     `$$$$$$t`$$$$$$N"$$$$$$$$$$$$$$$$$F $$$$$  !!> :..  ! 
                      "$$$$$$.$$$$F"".$$$$$P"?$$$$$$$$F J$$$$P :!!> !!! '! 
                       ?$$$$$bJ"3$N$$$$???" ze$$$$$$$" z$$$$$" !!! <!!~ !! 
                        "R$$$$$$$???"',pp`.d$$$$$$$P" e$$$$$" <!!!!!!! :!! 
                          "$$$$C.  t@$FC,r;$$$$$$$F .d$$$$$F :!!!!!!!  !!! 
                            "?$$$$:eeV$F" z$$$$$$F z$$$$$$F :!!!!!!!  !!!! 
                              ^?$$b.^'.ued$$$$$$F.d$$$$$$" <!!!!!!!  <!!!! 
                                ^?$$$$$$$$$$$$P".$$$$$$P":!!!!!!!!  <!!!!! 
                                  ^?$$$$$????".u$$$$$$F <!!!!!!!~ .!!!!!!! 
                                   . ``  ..ue@$$$$$$" :!!!!!!!!  <!!!!!!!! 
                                  <!> <. ^?$$$$$F"".:!!!!!!!!~.:!!!!!!!!!! 
                                  !!> '!!::.....::!!!!!!!!!~.<!!!!!!!!!~` 
                                > `!!  !!!!!!!!!!!!!!!!!~`:!!!!!!!!!~` .:! 
                              :!!  !!, `!!!!!!!!!!!!!!!  !!!!!!!~`   :!!!! 
                             <!!!i !!!. ~!!!!!!!!!!!!` :!!!!!~`   .<!!!!~~ 
                           :!!!!!!!!!!!: `!!!!!!!!!~ .!!!~`   .:<!~~~`    
                         :!!!!!!!!!!!!!!!:.`~!!!!!~ <!!`  .::~~~    ..::<! 
                        <!!!!!!!!!!!!!!!!!!!:.'`~~ <!`.:~~``   .::!!!!!!!!


                전  !호스! 회원을 대표 해서 진심으로 축하 드립니다.

                                                              from 시삽
