!화면!
             ======================================================
             ![7m                !호스!에 잘 오셨습니다.                ![m
             ======================================================
             .                                                    .
             .  !호스!는 프로그래밍 전문 BBS 로서 프로그래밍 관련  .
              .     강좌란을 포함한 다양한 게시판과 자료실을     .
               .        공개로 운영중인 전문 BBS 입니다         .
                .                                              .
                 . 가입신청하시더라도 일체의 비용부담이 없는  .
                 .  무료BBS 이며 신청 즉시 바로 가입이 되며   .
                 . 그리고 가입즉시 모든 메뉴를 사용할수 있는  .
                .                공개BBS 입니다                .
               .                                                .
              .   1996년 2월에 시작되어 꾸준한 활동을 계속하고   .
             .      있는 !호스!에 같이 참여하게 되길 바랍니다      .
             .                                                    .
             ======================================================
             ![7m         !호스! 또다른 이름 : 변화/파워/색깔         ![m
             ======================================================
                              [enter]를 누르세요!엔터!
